d:\wec_simulation_460\openfast-main\openfast-3.5.0\openfast-3.5.0-0821-external-dll-1013-timestep-revised-succeed-damping_python\vs-build\registry\release\vc142.pdb
d:\wec_simulation_460\openfast-main\openfast-3.5.0\openfast-3.5.0-0821-external-dll-1013-timestep-revised-succeed-damping_python\vs-build\registry\release\type.obj
d:\wec_simulation_460\openfast-main\openfast-3.5.0\openfast-3.5.0-0821-external-dll-1013-timestep-revised-succeed-damping_python\vs-build\registry\release\symtab_gen.obj
d:\wec_simulation_460\openfast-main\openfast-3.5.0\openfast-3.5.0-0821-external-dll-1013-timestep-revised-succeed-damping_python\vs-build\registry\release\sym.obj
d:\wec_simulation_460\openfast-main\openfast-3.5.0\openfast-3.5.0-0821-external-dll-1013-timestep-revised-succeed-damping_python\vs-build\registry\release\reg_parse.obj
d:\wec_simulation_460\openfast-main\openfast-3.5.0\openfast-3.5.0-0821-external-dll-1013-timestep-revised-succeed-damping_python\vs-build\registry\release\registry.obj
d:\wec_simulation_460\openfast-main\openfast-3.5.0\openfast-3.5.0-0821-external-dll-1013-timestep-revised-succeed-damping_python\vs-build\registry\release\my_strtok.obj
d:\wec_simulation_460\openfast-main\openfast-3.5.0\openfast-3.5.0-0821-external-dll-1013-timestep-revised-succeed-damping_python\vs-build\registry\release\misc.obj
d:\wec_simulation_460\openfast-main\openfast-3.5.0\openfast-3.5.0-0821-external-dll-1013-timestep-revised-succeed-damping_python\vs-build\registry\release\gen_module_files.obj
d:\wec_simulation_460\openfast-main\openfast-3.5.0\openfast-3.5.0-0821-external-dll-1013-timestep-revised-succeed-damping_python\vs-build\registry\release\gen_c_types.obj
d:\wec_simulation_460\openfast-main\openfast-3.5.0\openfast-3.5.0-0821-external-dll-1013-timestep-revised-succeed-damping_python\vs-build\registry\release\data.obj
d:\wec_simulation_460\openfast-main\openfast-3.5.0\openfast-3.5.0-0821-external-dll-1013-timestep-revised-succeed-damping_python\build\bin\registry.exe
d:\wec_simulation_460\openfast-main\openfast-3.5.0\openfast-3.5.0-0821-external-dll-1013-timestep-revised-succeed-damping_python\vs-build\registry\release\registry.ipdb
d:\wec_simulation_460\openfast-main\openfast-3.5.0\openfast-3.5.0-0821-external-dll-1013-timestep-revised-succeed-damping_python\vs-build\registry\release\registry.iobj
d:\wec_simulation_460\openfast-main\openfast-3.5.0\openfast-3.5.0-0821-external-dll-1013-timestep-revised-succeed-damping_python\build\bin\registry.pdb
d:\wec_simulation_460\openfast-main\openfast-3.5.0\openfast-3.5.0-0821-external-dll-1013-timestep-revised-succeed-damping_python\vs-build\registry\release\fast_registry.tlog\cl.command.1.tlog
d:\wec_simulation_460\openfast-main\openfast-3.5.0\openfast-3.5.0-0821-external-dll-1013-timestep-revised-succeed-damping_python\vs-build\registry\release\fast_registry.tlog\cl.read.1.tlog
d:\wec_simulation_460\openfast-main\openfast-3.5.0\openfast-3.5.0-0821-external-dll-1013-timestep-revised-succeed-damping_python\vs-build\registry\release\fast_registry.tlog\cl.write.1.tlog
d:\wec_simulation_460\openfast-main\openfast-3.5.0\openfast-3.5.0-0821-external-dll-1013-timestep-revised-succeed-damping_python\vs-build\registry\release\fast_registry.tlog\link.command.1.tlog
d:\wec_simulation_460\openfast-main\openfast-3.5.0\openfast-3.5.0-0821-external-dll-1013-timestep-revised-succeed-damping_python\vs-build\registry\release\fast_registry.tlog\link.read.1.tlog
d:\wec_simulation_460\openfast-main\openfast-3.5.0\openfast-3.5.0-0821-external-dll-1013-timestep-revised-succeed-damping_python\vs-build\registry\release\fast_registry.tlog\link.write.1.tlog
