d:\wec_simulation_460\openfast-main\openfast-3.5.0\openfast-3.5.0-0821-external-dll-1013-timestep-revised-succeed-damping_python\build\bin\map_x64.pdb
d:\wec_simulation_460\openfast-main\openfast-3.5.0\openfast-3.5.0-0821-external-dll-1013-timestep-revised-succeed-damping_python\vs-build\maplib\x64\release\simclist.obj
d:\wec_simulation_460\openfast-main\openfast-3.5.0\openfast-3.5.0-0821-external-dll-1013-timestep-revised-succeed-damping_python\vs-build\maplib\x64\release\residual.obj
d:\wec_simulation_460\openfast-main\openfast-3.5.0\openfast-3.5.0-0821-external-dll-1013-timestep-revised-succeed-damping_python\vs-build\maplib\x64\release\outputstream.obj
d:\wec_simulation_460\openfast-main\openfast-3.5.0\openfast-3.5.0-0821-external-dll-1013-timestep-revised-succeed-damping_python\vs-build\maplib\x64\release\numeric.obj
d:\wec_simulation_460\openfast-main\openfast-3.5.0\openfast-3.5.0-0821-external-dll-1013-timestep-revised-succeed-damping_python\vs-build\maplib\x64\release\mapinit.obj
d:\wec_simulation_460\openfast-main\openfast-3.5.0\openfast-3.5.0-0821-external-dll-1013-timestep-revised-succeed-damping_python\vs-build\maplib\x64\release\maperror.obj
d:\wec_simulation_460\openfast-main\openfast-3.5.0\openfast-3.5.0-0821-external-dll-1013-timestep-revised-succeed-damping_python\vs-build\maplib\x64\release\mapapi.obj
d:\wec_simulation_460\openfast-main\openfast-3.5.0\openfast-3.5.0-0821-external-dll-1013-timestep-revised-succeed-damping_python\vs-build\maplib\x64\release\lineroutines.obj
d:\wec_simulation_460\openfast-main\openfast-3.5.0\openfast-3.5.0-0821-external-dll-1013-timestep-revised-succeed-damping_python\vs-build\maplib\x64\release\jacobian.obj
d:\wec_simulation_460\openfast-main\openfast-3.5.0\openfast-3.5.0-0821-external-dll-1013-timestep-revised-succeed-damping_python\vs-build\maplib\x64\release\freedata.obj
d:\wec_simulation_460\openfast-main\openfast-3.5.0\openfast-3.5.0-0821-external-dll-1013-timestep-revised-succeed-damping_python\vs-build\maplib\x64\release\qrsolv.obj
d:\wec_simulation_460\openfast-main\openfast-3.5.0\openfast-3.5.0-0821-external-dll-1013-timestep-revised-succeed-damping_python\vs-build\maplib\x64\release\qrfac.obj
d:\wec_simulation_460\openfast-main\openfast-3.5.0\openfast-3.5.0-0821-external-dll-1013-timestep-revised-succeed-damping_python\vs-build\maplib\x64\release\lmpar.obj
d:\wec_simulation_460\openfast-main\openfast-3.5.0\openfast-3.5.0-0821-external-dll-1013-timestep-revised-succeed-damping_python\vs-build\maplib\x64\release\lmder.obj
d:\wec_simulation_460\openfast-main\openfast-3.5.0\openfast-3.5.0-0821-external-dll-1013-timestep-revised-succeed-damping_python\vs-build\maplib\x64\release\enorm_u.obj
d:\wec_simulation_460\openfast-main\openfast-3.5.0\openfast-3.5.0-0821-external-dll-1013-timestep-revised-succeed-damping_python\vs-build\maplib\x64\release\enorm.obj
d:\wec_simulation_460\openfast-main\openfast-3.5.0\openfast-3.5.0-0821-external-dll-1013-timestep-revised-succeed-damping_python\vs-build\maplib\x64\release\dpmpar.obj
d:\wec_simulation_460\openfast-main\openfast-3.5.0\openfast-3.5.0-0821-external-dll-1013-timestep-revised-succeed-damping_python\vs-build\maplib\x64\release\bstrlib.obj
d:\wec_simulation_460\openfast-main\openfast-3.5.0\openfast-3.5.0-0821-external-dll-1013-timestep-revised-succeed-damping_python\vs-build\maplib\x64\release\bstraux.obj
d:\wec_simulation_460\openfast-main\openfast-3.5.0\openfast-3.5.0-0821-external-dll-1013-timestep-revised-succeed-damping_python\vs-build\maplib\x64\release\lmroutines.obj
d:\wec_simulation_460\openfast-main\openfast-3.5.0\openfast-3.5.0-0821-external-dll-1013-timestep-revised-succeed-damping_python\modules\map\src\map_types.h
d:\wec_simulation_460\openfast-main\openfast-3.5.0\openfast-3.5.0-0821-external-dll-1013-timestep-revised-succeed-damping_python\build\bin\map_x64.lib
d:\wec_simulation_460\openfast-main\openfast-3.5.0\openfast-3.5.0-0821-external-dll-1013-timestep-revised-succeed-damping_python\vs-build\maplib\x64\release\map_dll.tlog\cl.command.1.tlog
d:\wec_simulation_460\openfast-main\openfast-3.5.0\openfast-3.5.0-0821-external-dll-1013-timestep-revised-succeed-damping_python\vs-build\maplib\x64\release\map_dll.tlog\cl.read.1.tlog
d:\wec_simulation_460\openfast-main\openfast-3.5.0\openfast-3.5.0-0821-external-dll-1013-timestep-revised-succeed-damping_python\vs-build\maplib\x64\release\map_dll.tlog\cl.write.1.tlog
d:\wec_simulation_460\openfast-main\openfast-3.5.0\openfast-3.5.0-0821-external-dll-1013-timestep-revised-succeed-damping_python\vs-build\maplib\x64\release\map_dll.tlog\custombuild.command.1.tlog
d:\wec_simulation_460\openfast-main\openfast-3.5.0\openfast-3.5.0-0821-external-dll-1013-timestep-revised-succeed-damping_python\vs-build\maplib\x64\release\map_dll.tlog\custombuild.read.1.tlog
d:\wec_simulation_460\openfast-main\openfast-3.5.0\openfast-3.5.0-0821-external-dll-1013-timestep-revised-succeed-damping_python\vs-build\maplib\x64\release\map_dll.tlog\custombuild.write.1.tlog
d:\wec_simulation_460\openfast-main\openfast-3.5.0\openfast-3.5.0-0821-external-dll-1013-timestep-revised-succeed-damping_python\vs-build\maplib\x64\release\map_dll.tlog\lib-link.read.1.tlog
d:\wec_simulation_460\openfast-main\openfast-3.5.0\openfast-3.5.0-0821-external-dll-1013-timestep-revised-succeed-damping_python\vs-build\maplib\x64\release\map_dll.tlog\lib-link.write.1.tlog
d:\wec_simulation_460\openfast-main\openfast-3.5.0\openfast-3.5.0-0821-external-dll-1013-timestep-revised-succeed-damping_python\vs-build\maplib\x64\release\map_dll.tlog\lib.command.1.tlog
