d:\wec_simulation\openfast-main\openfast-3.5.0\openfast-3.5.0-0821-external-dll-0916-timestep-revised-single-coupling\build\bin\map_win32.pdb
d:\wec_simulation\openfast-main\openfast-3.5.0\openfast-3.5.0-0821-external-dll-0916-timestep-revised-single-coupling\build\bin\map_win32.idb
d:\wec_simulation\openfast-main\openfast-3.5.0\openfast-3.5.0-0821-external-dll-0916-timestep-revised-single-coupling\vs-build\maplib\debug\simclist.obj
d:\wec_simulation\openfast-main\openfast-3.5.0\openfast-3.5.0-0821-external-dll-0916-timestep-revised-single-coupling\vs-build\maplib\debug\residual.obj
d:\wec_simulation\openfast-main\openfast-3.5.0\openfast-3.5.0-0821-external-dll-0916-timestep-revised-single-coupling\vs-build\maplib\debug\outputstream.obj
d:\wec_simulation\openfast-main\openfast-3.5.0\openfast-3.5.0-0821-external-dll-0916-timestep-revised-single-coupling\vs-build\maplib\debug\numeric.obj
d:\wec_simulation\openfast-main\openfast-3.5.0\openfast-3.5.0-0821-external-dll-0916-timestep-revised-single-coupling\vs-build\maplib\debug\mapinit.obj
d:\wec_simulation\openfast-main\openfast-3.5.0\openfast-3.5.0-0821-external-dll-0916-timestep-revised-single-coupling\vs-build\maplib\debug\maperror.obj
d:\wec_simulation\openfast-main\openfast-3.5.0\openfast-3.5.0-0821-external-dll-0916-timestep-revised-single-coupling\vs-build\maplib\debug\mapapi.obj
d:\wec_simulation\openfast-main\openfast-3.5.0\openfast-3.5.0-0821-external-dll-0916-timestep-revised-single-coupling\vs-build\maplib\debug\lineroutines.obj
d:\wec_simulation\openfast-main\openfast-3.5.0\openfast-3.5.0-0821-external-dll-0916-timestep-revised-single-coupling\vs-build\maplib\debug\jacobian.obj
d:\wec_simulation\openfast-main\openfast-3.5.0\openfast-3.5.0-0821-external-dll-0916-timestep-revised-single-coupling\vs-build\maplib\debug\freedata.obj
d:\wec_simulation\openfast-main\openfast-3.5.0\openfast-3.5.0-0821-external-dll-0916-timestep-revised-single-coupling\vs-build\maplib\debug\qrsolv.obj
d:\wec_simulation\openfast-main\openfast-3.5.0\openfast-3.5.0-0821-external-dll-0916-timestep-revised-single-coupling\vs-build\maplib\debug\qrfac.obj
d:\wec_simulation\openfast-main\openfast-3.5.0\openfast-3.5.0-0821-external-dll-0916-timestep-revised-single-coupling\vs-build\maplib\debug\lmpar.obj
d:\wec_simulation\openfast-main\openfast-3.5.0\openfast-3.5.0-0821-external-dll-0916-timestep-revised-single-coupling\vs-build\maplib\debug\lmder.obj
d:\wec_simulation\openfast-main\openfast-3.5.0\openfast-3.5.0-0821-external-dll-0916-timestep-revised-single-coupling\vs-build\maplib\debug\enorm_u.obj
d:\wec_simulation\openfast-main\openfast-3.5.0\openfast-3.5.0-0821-external-dll-0916-timestep-revised-single-coupling\vs-build\maplib\debug\enorm.obj
d:\wec_simulation\openfast-main\openfast-3.5.0\openfast-3.5.0-0821-external-dll-0916-timestep-revised-single-coupling\vs-build\maplib\debug\dpmpar.obj
d:\wec_simulation\openfast-main\openfast-3.5.0\openfast-3.5.0-0821-external-dll-0916-timestep-revised-single-coupling\vs-build\maplib\debug\bstrlib.obj
d:\wec_simulation\openfast-main\openfast-3.5.0\openfast-3.5.0-0821-external-dll-0916-timestep-revised-single-coupling\vs-build\maplib\debug\bstraux.obj
d:\wec_simulation\openfast-main\openfast-3.5.0\openfast-3.5.0-0821-external-dll-0916-timestep-revised-single-coupling\vs-build\maplib\debug\lmroutines.obj
d:\wec_simulation\openfast-main\openfast-3.5.0\openfast-3.5.0-0821-external-dll-0916-timestep-revised-single-coupling\modules\map\src\map_types.h
d:\wec_simulation\openfast-main\openfast-3.5.0\openfast-3.5.0-0821-external-dll-0916-timestep-revised-single-coupling\build\bin\map_win32.lib
d:\wec_simulation\openfast-main\openfast-3.5.0\openfast-3.5.0-0821-external-dll-0916-timestep-revised-single-coupling\vs-build\maplib\debug\map_dll.tlog\cl.command.1.tlog
d:\wec_simulation\openfast-main\openfast-3.5.0\openfast-3.5.0-0821-external-dll-0916-timestep-revised-single-coupling\vs-build\maplib\debug\map_dll.tlog\cl.read.1.tlog
d:\wec_simulation\openfast-main\openfast-3.5.0\openfast-3.5.0-0821-external-dll-0916-timestep-revised-single-coupling\vs-build\maplib\debug\map_dll.tlog\cl.write.1.tlog
d:\wec_simulation\openfast-main\openfast-3.5.0\openfast-3.5.0-0821-external-dll-0916-timestep-revised-single-coupling\vs-build\maplib\debug\map_dll.tlog\custombuild.command.1.tlog
d:\wec_simulation\openfast-main\openfast-3.5.0\openfast-3.5.0-0821-external-dll-0916-timestep-revised-single-coupling\vs-build\maplib\debug\map_dll.tlog\custombuild.read.1.tlog
d:\wec_simulation\openfast-main\openfast-3.5.0\openfast-3.5.0-0821-external-dll-0916-timestep-revised-single-coupling\vs-build\maplib\debug\map_dll.tlog\custombuild.write.1.tlog
d:\wec_simulation\openfast-main\openfast-3.5.0\openfast-3.5.0-0821-external-dll-0916-timestep-revised-single-coupling\vs-build\maplib\debug\map_dll.tlog\lib-link.read.1.tlog
d:\wec_simulation\openfast-main\openfast-3.5.0\openfast-3.5.0-0821-external-dll-0916-timestep-revised-single-coupling\vs-build\maplib\debug\map_dll.tlog\lib-link.write.1.tlog
d:\wec_simulation\openfast-main\openfast-3.5.0\openfast-3.5.0-0821-external-dll-0916-timestep-revised-single-coupling\vs-build\maplib\debug\map_dll.tlog\lib.command.1.tlog
